<?xml version="1.0" encoding="UTF-8"?>
<testsuite name="kaguya.domain.user.controller.AuthControllerTest" tests="1" skipped="0" failures="0" errors="0" timestamp="2026-05-04T05:05:57.676Z" hostname="DESKTOP-AMT7069" time="0.218">
  <properties/>
  <testcase name="로그인 성공 (쿠키 생성)" classname="kaguya.domain.user.controller.AuthControllerTest" time="0.218"/>
  <system-out><![CDATA[14:05:55.461 [Test worker] INFO org.springframework.test.context.support.AnnotationConfigContextLoaderUtils -- Could not detect default configuration classes for test class [kaguya.domain.user.controller.AuthControllerTest]: AuthControllerTest does not declare any static, non-private, non-final, nested classes annotated with @Configuration.
14:05:55.604 [Test worker] INFO org.springframework.boot.test.context.SpringBootTestContextBootstrapper -- Found @SpringBootConfiguration kaguya.domain.user.UserApplication for test class kaguya.domain.user.controller.AuthControllerTest

  .   ____          _            __ _ _
 /\\ / ___'_ __ _ _(_)_ __  __ _ \ \ \ \
( ( )\___ | '_ | '_| | '_ \/ _` | \ \ \ \
 \\/  ___)| |_)| | | | | || (_| |  ) ) ) )
  '  |____| .__|_| |_|_| |_\__, | / / / /
 =========|_|==============|___/=/_/_/_/

 :: Spring Boot ::               (v3.5.13)

2026-05-04T14:05:55.950+09:00  INFO 18116 --- [user] [    Test worker] k.d.user.controller.AuthControllerTest   : Starting AuthControllerTest using Java 21.0.9 with PID 18116 (started by jammy in D:\01_Study\01_Worksapce\01_Git\01_Web\01_MSA\Guess_Together\gachi.machugi.io\user)
2026-05-04T14:05:55.951+09:00  INFO 18116 --- [user] [    Test worker] k.d.user.controller.AuthControllerTest   : No active profile set, falling back to 1 default profile: "default"
2026-05-04T14:05:57.115+09:00  INFO 18116 --- [user] [    Test worker] o.s.v.b.OptionalValidatorFactoryBean     : Failed to set up a Bean Validation provider: jakarta.validation.NoProviderFoundException: Unable to create a Configuration, because no Jakarta Bean Validation provider could be found. Add a provider like Hibernate Validator (RI) to your classpath.
2026-05-04T14:05:57.519+09:00  WARN 18116 --- [user] [    Test worker] .s.s.UserDetailsServiceAutoConfiguration : 

Using generated security password: 04478ef4-7aa1-4b20-ba98-923c41dfb2b6

This generated password is for development use only. Your security configuration must be updated before running your application in production.

2026-05-04T14:05:57.527+09:00  INFO 18116 --- [user] [    Test worker] r$InitializeUserDetailsManagerConfigurer : Global AuthenticationManager configured with UserDetailsService bean with name inMemoryUserDetailsManager
2026-05-04T14:05:57.643+09:00  INFO 18116 --- [user] [    Test worker] o.s.b.t.m.w.SpringBootMockServletContext : Initializing Spring TestDispatcherServlet ''
2026-05-04T14:05:57.643+09:00  INFO 18116 --- [user] [    Test worker] o.s.t.web.servlet.TestDispatcherServlet  : Initializing Servlet ''
2026-05-04T14:05:57.645+09:00  INFO 18116 --- [user] [    Test worker] o.s.t.web.servlet.TestDispatcherServlet  : Completed initialization in 2 ms
2026-05-04T14:05:57.668+09:00  INFO 18116 --- [user] [    Test worker] k.d.user.controller.AuthControllerTest   : Started AuthControllerTest in 2.008 seconds (process running for 2.954)
]]></system-out>
  <system-err><![CDATA[Mockito is currently self-attaching to enable the inline-mock-maker. This will no longer work in future releases of the JDK. Please add Mockito as an agent to your build as described in Mockito's documentation: https://javadoc.io/doc/org.mockito/mockito-core/latest/org.mockito/org/mockito/Mockito.html#0.3
WARNING: A Java agent has been loaded dynamically (C:\Users\jammy\devData\.gradle\caches\modules-2\files-2.1\net.bytebuddy\byte-buddy-agent\1.17.8\f09415827a71be7ed621c7bd02550678f28bc81c\byte-buddy-agent-1.17.8.jar)
WARNING: If a serviceability tool is in use, please run with -XX:+EnableDynamicAgentLoading to hide this warning
WARNING: If a serviceability tool is not in use, please run with -Djdk.instrument.traceUsage for more information
WARNING: Dynamic loading of agents will be disallowed by default in a future release
]]></system-err>
</testsuite>
